<?xml version="1.0" encoding="UTF-8"?>
<!DOCTYPE plist PUBLIC "-//Apple//DTD PLIST 1.0//EN" "http://www.apple.com/DTDs/PropertyList-1.0.dtd">
<plist version="1.0">
<dict>
	<key>_reportPID</key>
	<integer>375</integer>
	<key>_reportProcessName</key>
	<string>searchd</string>
	<key>_reportTime</key>
	<string>2026-05-28-22-55-09</string>
	<key>age_corespotlight_index</key>
	<integer>107743439</integer>
	<key>age_heartbeat</key>
	<integer>493952</integer>
	<key>config_global</key>
	<integer>0</integer>
	<key>config_locale</key>
	<string>uk_UA</string>
	<key>config_ota_version</key>
	<string>133.5.2</string>
	<key>data_collection_error</key>
	<integer>0</integer>
	<key>index_a_age</key>
	<integer>34242179</integer>
	<key>index_a_config</key>
	<integer>0</integer>
	<key>index_a_count_add_journaled</key>
	<integer>0</integer>
	<key>index_a_count_add_processed</key>
	<integer>0</integer>
	<key>index_a_count_add_request</key>
	<integer>0</integer>
	<key>index_a_count_delete_journaled</key>
	<integer>0</integer>
	<key>index_a_count_delete_processed</key>
	<integer>0</integer>
	<key>index_a_count_delete_request</key>
	<integer>0</integer>
	<key>index_a_count_drop</key>
	<integer>0</integer>
	<key>index_a_count_open_clean</key>
	<integer>1</integer>
	<key>index_a_count_open_dirty</key>
	<integer>0</integer>
	<key>index_a_count_update_journaled</key>
	<integer>0</integer>
	<key>index_a_count_update_processed</key>
	<integer>0</integer>
	<key>index_a_count_update_request</key>
	<integer>0</integer>
	<key>index_a_max_index_gen_merge_level</key>
	<integer>1</integer>
	<key>index_a_max_journal_file_bytes</key>
	<integer>32</integer>
	<key>index_a_num_file</key>
	<integer>91</integer>
	<key>index_a_num_index_gen_compacted</key>
	<integer>1</integer>
	<key>index_a_num_index_gen_non_compacted</key>
	<integer>1</integer>
	<key>index_a_num_index_gen_read_only</key>
	<integer>1</integer>
	<key>index_a_num_index_gen_writeable</key>
	<integer>1</integer>
	<key>index_a_num_journal_file</key>
	<integer>1</integer>
	<key>index_a_num_object_sdb</key>
	<integer>287</integer>
	<key>index_a_sdb_file_size_bytes</key>
	<integer>69632</integer>
	<key>index_a_sdb_shadow_file_size_bytes</key>
	<integer>69632</integer>
	<key>index_a_size_bytes</key>
	<integer>1290169</integer>
	<key>index_a_time_since_last_open_clean</key>
	<integer>274</integer>
	<key>index_a_time_since_sync_end</key>
	<integer>2</integer>
	<key>index_a_time_since_sync_start</key>
	<integer>2</integer>
	<key>index_b_age</key>
	<integer>1429901</integer>
	<key>index_b_config</key>
	<integer>0</integer>
	<key>index_b_count_add_journaled</key>
	<integer>0</integer>
	<key>index_b_count_add_processed</key>
	<integer>0</integer>
	<key>index_b_count_add_request</key>
	<integer>0</integer>
	<key>index_b_count_delete_journaled</key>
	<integer>0</integer>
	<key>index_b_count_delete_processed</key>
	<integer>0</integer>
	<key>index_b_count_delete_request</key>
	<integer>0</integer>
	<key>index_b_count_drop</key>
	<integer>0</integer>
	<key>index_b_count_open_clean</key>
	<integer>1</integer>
	<key>index_b_count_open_dirty</key>
	<integer>0</integer>
	<key>index_b_count_update_journaled</key>
	<integer>0</integer>
	<key>index_b_count_update_processed</key>
	<integer>0</integer>
	<key>index_b_count_update_request</key>
	<integer>0</integer>
	<key>index_b_creation_flags_index</key>
	<integer>67109698</integer>
	<key>index_b_creation_flags_sdb</key>
	<integer>75776</integer>
	<key>index_b_creation_version_spotlight</key>
	<string>2418.4.13.104</string>
	<key>index_b_max_index_gen_merge_level</key>
	<integer>0</integer>
	<key>index_b_max_journal_file_bytes</key>
	<integer>0</integer>
	<key>index_b_num_file</key>
	<integer>107</integer>
	<key>index_b_num_index_gen_compacted</key>
	<integer>0</integer>
	<key>index_b_num_index_gen_non_compacted</key>
	<integer>3</integer>
	<key>index_b_num_index_gen_read_only</key>
	<integer>2</integer>
	<key>index_b_num_index_gen_writeable</key>
	<integer>1</integer>
	<key>index_b_num_journal_file</key>
	<integer>0</integer>
	<key>index_b_num_object_sdb</key>
	<integer>2</integer>
	<key>index_b_sdb_file_size_bytes</key>
	<integer>36864</integer>
	<key>index_b_sdb_shadow_file_size_bytes</key>
	<integer>36864</integer>
	<key>index_b_size_bytes</key>
	<integer>1267582</integer>
	<key>index_b_time_since_last_open_clean</key>
	<integer>273</integer>
	<key>index_b_time_since_merge_end</key>
	<integer>238</integer>
	<key>index_b_time_since_merge_start</key>
	<integer>238</integer>
	<key>index_b_time_since_sync_end</key>
	<integer>2</integer>
	<key>index_b_time_since_sync_start</key>
	<integer>2</integer>
	<key>index_c_age</key>
	<integer>46928671</integer>
	<key>index_c_config</key>
	<integer>0</integer>
	<key>index_c_count_add_journaled</key>
	<integer>25</integer>
	<key>index_c_count_add_processed</key>
	<integer>18</integer>
	<key>index_c_count_add_request</key>
	<integer>0</integer>
	<key>index_c_count_delete_journaled</key>
	<integer>19</integer>
	<key>index_c_count_delete_processed</key>
	<integer>0</integer>
	<key>index_c_count_delete_request</key>
	<integer>0</integer>
	<key>index_c_count_drop</key>
	<integer>0</integer>
	<key>index_c_count_open_clean</key>
	<integer>1</integer>
	<key>index_c_count_open_dirty</key>
	<integer>0</integer>
	<key>index_c_count_update_journaled</key>
	<integer>4681</integer>
	<key>index_c_count_update_processed</key>
	<integer>4695</integer>
	<key>index_c_count_update_request</key>
	<integer>0</integer>
	<key>index_c_max_index_gen_merge_level</key>
	<integer>1</integer>
	<key>index_c_max_journal_file_bytes</key>
	<integer>848</integer>
	<key>index_c_num_file</key>
	<integer>150</integer>
	<key>index_c_num_index_gen_compacted</key>
	<integer>1</integer>
	<key>index_c_num_index_gen_non_compacted</key>
	<integer>4</integer>
	<key>index_c_num_index_gen_read_only</key>
	<integer>4</integer>
	<key>index_c_num_index_gen_writeable</key>
	<integer>1</integer>
	<key>index_c_num_journal_file</key>
	<integer>3</integer>
	<key>index_c_num_object_sdb</key>
	<integer>27978</integer>
	<key>index_c_sdb_file_size_bytes</key>
	<integer>18731008</integer>
	<key>index_c_sdb_shadow_file_size_bytes</key>
	<integer>18731008</integer>
	<key>index_c_size_bytes</key>
	<integer>137601236</integer>
	<key>index_c_time_since_last_open_clean</key>
	<integer>273</integer>
	<key>index_c_time_since_last_open_dirty</key>
	<integer>210123</integer>
	<key>index_c_time_since_sync_end</key>
	<integer>232</integer>
	<key>index_c_time_since_sync_start</key>
	<integer>233</integer>
	<key>index_cx_age</key>
	<integer>46083119</integer>
	<key>index_cx_config</key>
	<integer>0</integer>
	<key>index_cx_count_add_journaled</key>
	<integer>0</integer>
	<key>index_cx_count_add_processed</key>
	<integer>0</integer>
	<key>index_cx_count_add_request</key>
	<integer>0</integer>
	<key>index_cx_count_delete_journaled</key>
	<integer>0</integer>
	<key>index_cx_count_delete_processed</key>
	<integer>0</integer>
	<key>index_cx_count_delete_request</key>
	<integer>0</integer>
	<key>index_cx_count_drop</key>
	<integer>0</integer>
	<key>index_cx_count_open_clean</key>
	<integer>1</integer>
	<key>index_cx_count_open_dirty</key>
	<integer>0</integer>
	<key>index_cx_count_update_journaled</key>
	<integer>0</integer>
	<key>index_cx_count_update_processed</key>
	<integer>0</integer>
	<key>index_cx_count_update_request</key>
	<integer>0</integer>
	<key>index_cx_max_index_gen_merge_level</key>
	<integer>1</integer>
	<key>index_cx_max_journal_file_bytes</key>
	<integer>32</integer>
	<key>index_cx_num_file</key>
	<integer>87</integer>
	<key>index_cx_num_index_gen_compacted</key>
	<integer>1</integer>
	<key>index_cx_num_index_gen_non_compacted</key>
	<integer>1</integer>
	<key>index_cx_num_index_gen_read_only</key>
	<integer>1</integer>
	<key>index_cx_num_index_gen_writeable</key>
	<integer>1</integer>
	<key>index_cx_num_journal_file</key>
	<integer>1</integer>
	<key>index_cx_num_object_sdb</key>
	<integer>12</integer>
	<key>index_cx_sdb_file_size_bytes</key>
	<integer>36864</integer>
	<key>index_cx_sdb_shadow_file_size_bytes</key>
	<integer>36864</integer>
	<key>index_cx_size_bytes</key>
	<integer>1063517</integer>
	<key>index_cx_time_since_last_open_clean</key>
	<integer>274</integer>
	<key>index_cx_time_since_last_open_dirty</key>
	<integer>470049</integer>
	<key>index_cx_time_since_sync_end</key>
	<integer>230</integer>
	<key>index_cx_time_since_sync_start</key>
	<integer>231</integer>
	<key>index_mail_age</key>
	<integer>107743439</integer>
	<key>index_mail_config</key>
	<integer>0</integer>
	<key>index_mail_count_add_journaled</key>
	<integer>0</integer>
	<key>index_mail_count_add_processed</key>
	<integer>0</integer>
	<key>index_mail_count_add_request</key>
	<integer>0</integer>
	<key>index_mail_count_delete_journaled</key>
	<integer>0</integer>
	<key>index_mail_count_delete_processed</key>
	<integer>0</integer>
	<key>index_mail_count_delete_request</key>
	<integer>0</integer>
	<key>index_mail_count_drop</key>
	<integer>0</integer>
	<key>index_mail_count_open_clean</key>
	<integer>0</integer>
	<key>index_mail_count_open_dirty</key>
	<integer>1</integer>
	<key>index_mail_count_update_journaled</key>
	<integer>21403</integer>
	<key>index_mail_count_update_processed</key>
	<integer>21404</integer>
	<key>index_mail_count_update_request</key>
	<integer>0</integer>
	<key>index_mail_max_index_gen_merge_level</key>
	<integer>1</integer>
	<key>index_mail_max_journal_file_bytes</key>
	<integer>0</integer>
	<key>index_mail_num_file</key>
	<integer>127</integer>
	<key>index_mail_num_index_gen_compacted</key>
	<integer>1</integer>
	<key>index_mail_num_index_gen_non_compacted</key>
	<integer>2</integer>
	<key>index_mail_num_index_gen_read_only</key>
	<integer>2</integer>
	<key>index_mail_num_index_gen_writeable</key>
	<integer>1</integer>
	<key>index_mail_num_journal_file</key>
	<integer>0</integer>
	<key>index_mail_num_object_sdb</key>
	<integer>12632</integer>
	<key>index_mail_sdb_file_size_bytes</key>
	<integer>11866112</integer>
	<key>index_mail_sdb_shadow_file_size_bytes</key>
	<integer>11866112</integer>
	<key>index_mail_size_bytes</key>
	<integer>83803498</integer>
	<key>index_mail_time_since_last_open_clean</key>
	<integer>215505</integer>
	<key>index_mail_time_since_last_open_dirty</key>
	<integer>272</integer>
	<key>index_mail_time_since_sync_end</key>
	<integer>230</integer>
	<key>index_mail_time_since_sync_start</key>
	<integer>230</integer>
	<key>index_priority_age</key>
	<integer>46853234</integer>
	<key>index_priority_config</key>
	<integer>0</integer>
	<key>index_priority_count_add_journaled</key>
	<integer>324</integer>
	<key>index_priority_count_add_processed</key>
	<integer>324</integer>
	<key>index_priority_count_add_request</key>
	<integer>6</integer>
	<key>index_priority_count_delete_journaled</key>
	<integer>517</integer>
	<key>index_priority_count_delete_processed</key>
	<integer>286</integer>
	<key>index_priority_count_delete_request</key>
	<integer>2</integer>
	<key>index_priority_count_drop</key>
	<integer>0</integer>
	<key>index_priority_count_open_clean</key>
	<integer>1</integer>
	<key>index_priority_count_open_dirty</key>
	<integer>0</integer>
	<key>index_priority_count_update_journaled</key>
	<integer>275</integer>
	<key>index_priority_count_update_processed</key>
	<integer>263</integer>
	<key>index_priority_count_update_request</key>
	<integer>46</integer>
	<key>index_priority_max_index_gen_merge_level</key>
	<integer>1</integer>
	<key>index_priority_max_journal_file_bytes</key>
	<integer>0</integer>
	<key>index_priority_num_file</key>
	<integer>110</integer>
	<key>index_priority_num_index_gen_compacted</key>
	<integer>1</integer>
	<key>index_priority_num_index_gen_non_compacted</key>
	<integer>2</integer>
	<key>index_priority_num_index_gen_read_only</key>
	<integer>2</integer>
	<key>index_priority_num_index_gen_writeable</key>
	<integer>1</integer>
	<key>index_priority_num_journal_file</key>
	<integer>1</integer>
	<key>index_priority_num_object_sdb</key>
	<integer>1881</integer>
	<key>index_priority_sdb_file_size_bytes</key>
	<integer>1249280</integer>
	<key>index_priority_sdb_shadow_file_size_bytes</key>
	<integer>1249280</integer>
	<key>index_priority_size_bytes</key>
	<integer>11589977</integer>
	<key>index_priority_time_since_last_open_clean</key>
	<integer>273</integer>
	<key>index_priority_time_since_last_open_dirty</key>
	<integer>493952</integer>
	<key>index_priority_time_since_sync_end</key>
	<integer>116</integer>
	<key>index_priority_time_since_sync_start</key>
	<integer>120</integer>
	<key>system_fs_free_space_bytes</key>
	<integer>146281537536</integer>
	<key>system_fs_mount_flags</key>
	<integer>343969944</integer>
	<key>system_fs_total_space_bytes</key>
	<integer>254131470336</integer>
	<key>system_fs_type</key>
	<string>apfs</string>
	<key>system_total_ram_gb</key>
	<integer>4</integer>
	<key>system_volume_flags</key>
	<integer>18296925792237518977</integer>
	<key>time_since_last_heartbeat</key>
	<integer>4747</integer>
	<key>time_since_launch_1</key>
	<integer>279</integer>
	<key>time_since_launch_2</key>
	<integer>210125</integer>
	<key>time_since_launch_3</key>
	<integer>215505</integer>
	<key>time_since_software_update</key>
	<integer>3514689</integer>
	<key>version_build</key>
	<string>23E261</string>
	<key>version_spotlight</key>
	<string>2418.4.13.104</string>
</dict>
</plist>
